<?xml version="1.0" encoding="UTF-8"?>
<testng-results skipped="0" failed="3" ignored="0" total="11" passed="8">
  <reporter-output>
  </reporter-output>
  <suite name="Suite" duration-ms="243039" started-at="2022-08-09T13:41:07 IST" finished-at="2022-08-09T13:45:10 IST">
    <groups>
    </groups>
    <test name="Test" duration-ms="243039" started-at="2022-08-09T13:41:07 IST" finished-at="2022-08-09T13:45:10 IST">
      <class name="com.amazon.testcases.PaymentGatewayPageTestCase">
        <test-method status="PASS" signature="loginSetUp()[pri:0, instance:com.amazon.testcases.PaymentGatewayPageTestCase@c667f46]" name="loginSetUp" is-config="true" duration-ms="10025" started-at="2022-08-09T13:43:22 IST" finished-at="2022-08-09T13:43:32 IST">
          <reporter-output>
          </reporter-output>
        </test-method> <!-- loginSetUp -->
        <test-method status="FAIL" signature="addMobileRechargeAndPerformPaymentWithDebitCard()[pri:1, instance:com.amazon.testcases.PaymentGatewayPageTestCase@c667f46]" name="addMobileRechargeAndPerformPaymentWithDebitCard" duration-ms="35814" started-at="2022-08-09T13:43:32 IST" finished-at="2022-08-09T13:44:08 IST">
          <exception class="org.openqa.selenium.NoSuchElementException">
            <message>
              <![CDATA[no such element: Unable to locate element: {"method":"xpath","selector":"//a[contains(@id , '-18_5')]"}
  (Session info: headless chrome=102.0.5005.63)
For documentation on this error, please visit: https://selenium.dev/exceptions/#no_such_element
Build info: version: '4.3.0', revision: 'a4995e2c09*'
System info: host: 'DESKTOP-J505A6L', ip: '192.168.0.105', os.name: 'Windows 10', os.arch: 'amd64', os.version: '10.0', java.version: '1.8.0_333'
Driver info: org.openqa.selenium.chrome.ChromeDriver
Command: [6c52b80cb9d85ad885a0b06a6d56cc17, findElement {using=xpath, value=//a[contains(@id , '-18_5')]}]
Capabilities {acceptInsecureCerts: false, browserName: chrome, browserVersion: 102.0.5005.63, chrome: {chromedriverVersion: 102.0.5005.61 (0e59bcc00cc4..., userDataDir: C:\Users\Kishan\AppData\Loc...}, goog:chromeOptions: {debuggerAddress: localhost:52374}, networkConnectionEnabled: false, pageLoadStrategy: normal, platformName: WINDOWS, proxy: Proxy(), se:cdp: ws://localhost:52374/devtoo..., se:cdpVersion: 102.0.5005.63, setWindowRect: true, strictFileInteractability: false, timeouts: {implicit: 0, pageLoad: 300000, script: 30000}, unhandledPromptBehavior: dismiss and notify, webauthn:extension:credBlob: true, webauthn:extension:largeBlob: true, webauthn:virtualAuthenticators: true}
Session ID: 6c52b80cb9d85ad885a0b06a6d56cc17]]>
            </message>
            <full-stacktrace>
              <![CDATA[org.openqa.selenium.NoSuchElementException: no such element: Unable to locate element: {"method":"xpath","selector":"//a[contains(@id , '-18_5')]"}
  (Session info: headless chrome=102.0.5005.63)
For documentation on this error, please visit: https://selenium.dev/exceptions/#no_such_element
Build info: version: '4.3.0', revision: 'a4995e2c09*'
System info: host: 'DESKTOP-J505A6L', ip: '192.168.0.105', os.name: 'Windows 10', os.arch: 'amd64', os.version: '10.0', java.version: '1.8.0_333'
Driver info: org.openqa.selenium.chrome.ChromeDriver
Command: [6c52b80cb9d85ad885a0b06a6d56cc17, findElement {using=xpath, value=//a[contains(@id , '-18_5')]}]
Capabilities {acceptInsecureCerts: false, browserName: chrome, browserVersion: 102.0.5005.63, chrome: {chromedriverVersion: 102.0.5005.61 (0e59bcc00cc4..., userDataDir: C:\Users\Kishan\AppData\Loc...}, goog:chromeOptions: {debuggerAddress: localhost:52374}, networkConnectionEnabled: false, pageLoadStrategy: normal, platformName: WINDOWS, proxy: Proxy(), se:cdp: ws://localhost:52374/devtoo..., se:cdpVersion: 102.0.5005.63, setWindowRect: true, strictFileInteractability: false, timeouts: {implicit: 0, pageLoad: 300000, script: 30000}, unhandledPromptBehavior: dismiss and notify, webauthn:extension:credBlob: true, webauthn:extension:largeBlob: true, webauthn:virtualAuthenticators: true}
Session ID: 6c52b80cb9d85ad885a0b06a6d56cc17
at sun.reflect.NativeConstructorAccessorImpl.newInstance0(Native Method)
at sun.reflect.NativeConstructorAccessorImpl.newInstance(Unknown Source)
at sun.reflect.DelegatingConstructorAccessorImpl.newInstance(Unknown Source)
at java.lang.reflect.Constructor.newInstance(Unknown Source)
at org.openqa.selenium.remote.codec.w3c.W3CHttpResponseCodec.createException(W3CHttpResponseCodec.java:200)
at org.openqa.selenium.remote.codec.w3c.W3CHttpResponseCodec.decode(W3CHttpResponseCodec.java:133)
at org.openqa.selenium.remote.codec.w3c.W3CHttpResponseCodec.decode(W3CHttpResponseCodec.java:53)
at org.openqa.selenium.remote.HttpCommandExecutor.execute(HttpCommandExecutor.java:184)
at org.openqa.selenium.remote.service.DriverCommandExecutor.invokeExecute(DriverCommandExecutor.java:167)
at org.openqa.selenium.remote.service.DriverCommandExecutor.execute(DriverCommandExecutor.java:142)
at org.openqa.selenium.remote.RemoteWebDriver.execute(RemoteWebDriver.java:569)
at org.openqa.selenium.remote.ElementLocation$ElementFinder$2.findElement(ElementLocation.java:162)
at org.openqa.selenium.remote.ElementLocation.findElement(ElementLocation.java:60)
at org.openqa.selenium.remote.RemoteWebDriver.findElement(RemoteWebDriver.java:387)
at org.openqa.selenium.remote.RemoteWebDriver.findElement(RemoteWebDriver.java:379)
at com.amazon.pages.PaymentGatewayPage.enterDebitOrCreditCardDetails(PaymentGatewayPage.java:65)
at com.amazon.testcases.PaymentGatewayPageTestCase.addMobileRechargeAndPerformPaymentWithDebitCard(PaymentGatewayPageTestCase.java:62)
at sun.reflect.NativeMethodAccessorImpl.invoke0(Native Method)
at sun.reflect.NativeMethodAccessorImpl.invoke(Unknown Source)
at sun.reflect.DelegatingMethodAccessorImpl.invoke(Unknown Source)
at java.lang.reflect.Method.invoke(Unknown Source)
at org.testng.internal.MethodInvocationHelper.invokeMethod(MethodInvocationHelper.java:133)
at org.testng.internal.TestInvoker.invokeMethod(TestInvoker.java:598)
at org.testng.internal.TestInvoker.invokeTestMethod(TestInvoker.java:173)
at org.testng.internal.MethodRunner.runInSequence(MethodRunner.java:46)
at org.testng.internal.TestInvoker$MethodInvocationAgent.invoke(TestInvoker.java:824)
at org.testng.internal.TestInvoker.invokeTestMethods(TestInvoker.java:146)
at org.testng.internal.TestMethodWorker.invokeTestMethods(TestMethodWorker.java:146)
at org.testng.internal.TestMethodWorker.run(TestMethodWorker.java:128)
at java.util.ArrayList.forEach(Unknown Source)
at org.testng.TestRunner.privateRun(TestRunner.java:794)
at org.testng.TestRunner.run(TestRunner.java:596)
at org.testng.SuiteRunner.runTest(SuiteRunner.java:377)
at org.testng.SuiteRunner.runSequentially(SuiteRunner.java:371)
at org.testng.SuiteRunner.privateRun(SuiteRunner.java:332)
at org.testng.SuiteRunner.run(SuiteRunner.java:276)
at org.testng.SuiteRunnerWorker.runSuite(SuiteRunnerWorker.java:53)
at org.testng.SuiteRunnerWorker.run(SuiteRunnerWorker.java:96)
at org.testng.TestNG.runSuitesSequentially(TestNG.java:1212)
at org.testng.TestNG.runSuitesLocally(TestNG.java:1134)
at org.testng.TestNG.runSuites(TestNG.java:1063)
at org.testng.TestNG.run(TestNG.java:1031)
at org.testng.remote.AbstractRemoteTestNG.run(AbstractRemoteTestNG.java:115)
at org.testng.remote.RemoteTestNG.initAndRun(RemoteTestNG.java:251)
at org.testng.remote.RemoteTestNG.main(RemoteTestNG.java:77)
]]>
            </full-stacktrace>
          </exception> <!-- org.openqa.selenium.NoSuchElementException -->
          <reporter-output>
          </reporter-output>
        </test-method> <!-- addMobileRechargeAndPerformPaymentWithDebitCard -->
        <test-method status="PASS" signature="tearDown()[pri:0, instance:com.amazon.testcases.PaymentGatewayPageTestCase@c667f46]" name="tearDown" is-config="true" duration-ms="703" started-at="2022-08-09T13:44:08 IST" finished-at="2022-08-09T13:44:09 IST">
          <reporter-output>
          </reporter-output>
        </test-method> <!-- tearDown -->
        <test-method status="PASS" signature="loginSetUp()[pri:0, instance:com.amazon.testcases.PaymentGatewayPageTestCase@c667f46]" name="loginSetUp" is-config="true" duration-ms="9427" started-at="2022-08-09T13:44:09 IST" finished-at="2022-08-09T13:44:19 IST">
          <reporter-output>
          </reporter-output>
        </test-method> <!-- loginSetUp -->
        <test-method status="FAIL" signature="removePaymentMethodDebitAndCreditCardTest()[pri:2, instance:com.amazon.testcases.PaymentGatewayPageTestCase@c667f46]" name="removePaymentMethodDebitAndCreditCardTest" duration-ms="21083" started-at="2022-08-09T13:44:19 IST" finished-at="2022-08-09T13:44:40 IST">
          <exception class="org.openqa.selenium.NoSuchElementException">
            <message>
              <![CDATA[no such element: Unable to locate element: {"method":"xpath","selector":"//a[@data-action='a-expander-toggle']"}
  (Session info: headless chrome=102.0.5005.63)
For documentation on this error, please visit: https://selenium.dev/exceptions/#no_such_element
Build info: version: '4.3.0', revision: 'a4995e2c09*'
System info: host: 'DESKTOP-J505A6L', ip: '192.168.0.105', os.name: 'Windows 10', os.arch: 'amd64', os.version: '10.0', java.version: '1.8.0_333'
Driver info: org.openqa.selenium.chrome.ChromeDriver
Command: [d930124e6d53c96b9dcc3035f4c5bb93, findElement {using=xpath, value=//a[@data-action='a-expander-toggle']}]
Capabilities {acceptInsecureCerts: false, browserName: chrome, browserVersion: 102.0.5005.63, chrome: {chromedriverVersion: 102.0.5005.61 (0e59bcc00cc4..., userDataDir: C:\Users\Kishan\AppData\Loc...}, goog:chromeOptions: {debuggerAddress: localhost:52486}, networkConnectionEnabled: false, pageLoadStrategy: normal, platformName: WINDOWS, proxy: Proxy(), se:cdp: ws://localhost:52486/devtoo..., se:cdpVersion: 102.0.5005.63, setWindowRect: true, strictFileInteractability: false, timeouts: {implicit: 0, pageLoad: 300000, script: 30000}, unhandledPromptBehavior: dismiss and notify, webauthn:extension:credBlob: true, webauthn:extension:largeBlob: true, webauthn:virtualAuthenticators: true}
Session ID: d930124e6d53c96b9dcc3035f4c5bb93]]>
            </message>
            <full-stacktrace>
              <![CDATA[org.openqa.selenium.NoSuchElementException: no such element: Unable to locate element: {"method":"xpath","selector":"//a[@data-action='a-expander-toggle']"}
  (Session info: headless chrome=102.0.5005.63)
For documentation on this error, please visit: https://selenium.dev/exceptions/#no_such_element
Build info: version: '4.3.0', revision: 'a4995e2c09*'
System info: host: 'DESKTOP-J505A6L', ip: '192.168.0.105', os.name: 'Windows 10', os.arch: 'amd64', os.version: '10.0', java.version: '1.8.0_333'
Driver info: org.openqa.selenium.chrome.ChromeDriver
Command: [d930124e6d53c96b9dcc3035f4c5bb93, findElement {using=xpath, value=//a[@data-action='a-expander-toggle']}]
Capabilities {acceptInsecureCerts: false, browserName: chrome, browserVersion: 102.0.5005.63, chrome: {chromedriverVersion: 102.0.5005.61 (0e59bcc00cc4..., userDataDir: C:\Users\Kishan\AppData\Loc...}, goog:chromeOptions: {debuggerAddress: localhost:52486}, networkConnectionEnabled: false, pageLoadStrategy: normal, platformName: WINDOWS, proxy: Proxy(), se:cdp: ws://localhost:52486/devtoo..., se:cdpVersion: 102.0.5005.63, setWindowRect: true, strictFileInteractability: false, timeouts: {implicit: 0, pageLoad: 300000, script: 30000}, unhandledPromptBehavior: dismiss and notify, webauthn:extension:credBlob: true, webauthn:extension:largeBlob: true, webauthn:virtualAuthenticators: true}
Session ID: d930124e6d53c96b9dcc3035f4c5bb93
at sun.reflect.NativeConstructorAccessorImpl.newInstance0(Native Method)
at sun.reflect.NativeConstructorAccessorImpl.newInstance(Unknown Source)
at sun.reflect.DelegatingConstructorAccessorImpl.newInstance(Unknown Source)
at java.lang.reflect.Constructor.newInstance(Unknown Source)
at org.openqa.selenium.remote.codec.w3c.W3CHttpResponseCodec.createException(W3CHttpResponseCodec.java:200)
at org.openqa.selenium.remote.codec.w3c.W3CHttpResponseCodec.decode(W3CHttpResponseCodec.java:133)
at org.openqa.selenium.remote.codec.w3c.W3CHttpResponseCodec.decode(W3CHttpResponseCodec.java:53)
at org.openqa.selenium.remote.HttpCommandExecutor.execute(HttpCommandExecutor.java:184)
at org.openqa.selenium.remote.service.DriverCommandExecutor.invokeExecute(DriverCommandExecutor.java:167)
at org.openqa.selenium.remote.service.DriverCommandExecutor.execute(DriverCommandExecutor.java:142)
at org.openqa.selenium.remote.RemoteWebDriver.execute(RemoteWebDriver.java:569)
at org.openqa.selenium.remote.ElementLocation$ElementFinder$2.findElement(ElementLocation.java:162)
at org.openqa.selenium.remote.ElementLocation.findElement(ElementLocation.java:60)
at org.openqa.selenium.remote.RemoteWebDriver.findElement(RemoteWebDriver.java:387)
at org.openqa.selenium.remote.RemoteWebDriver.findElement(RemoteWebDriver.java:379)
at org.openqa.selenium.support.pagefactory.DefaultElementLocator.findElement(DefaultElementLocator.java:70)
at org.openqa.selenium.support.pagefactory.internal.LocatingElementHandler.invoke(LocatingElementHandler.java:39)
at com.sun.proxy.$Proxy32.click(Unknown Source)
at com.amazon.pages.YourAccountPage.yourSavedCreditAndDebitCardsOption(YourAccountPage.java:39)
at com.amazon.testcases.PaymentGatewayPageTestCase.removePaymentMethodDebitAndCreditCardTest(PaymentGatewayPageTestCase.java:77)
at sun.reflect.NativeMethodAccessorImpl.invoke0(Native Method)
at sun.reflect.NativeMethodAccessorImpl.invoke(Unknown Source)
at sun.reflect.DelegatingMethodAccessorImpl.invoke(Unknown Source)
at java.lang.reflect.Method.invoke(Unknown Source)
at org.testng.internal.MethodInvocationHelper.invokeMethod(MethodInvocationHelper.java:133)
at org.testng.internal.TestInvoker.invokeMethod(TestInvoker.java:598)
at org.testng.internal.TestInvoker.invokeTestMethod(TestInvoker.java:173)
at org.testng.internal.MethodRunner.runInSequence(MethodRunner.java:46)
at org.testng.internal.TestInvoker$MethodInvocationAgent.invoke(TestInvoker.java:824)
at org.testng.internal.TestInvoker.invokeTestMethods(TestInvoker.java:146)
at org.testng.internal.TestMethodWorker.invokeTestMethods(TestMethodWorker.java:146)
at org.testng.internal.TestMethodWorker.run(TestMethodWorker.java:128)
at java.util.ArrayList.forEach(Unknown Source)
at org.testng.TestRunner.privateRun(TestRunner.java:794)
at org.testng.TestRunner.run(TestRunner.java:596)
at org.testng.SuiteRunner.runTest(SuiteRunner.java:377)
at org.testng.SuiteRunner.runSequentially(SuiteRunner.java:371)
at org.testng.SuiteRunner.privateRun(SuiteRunner.java:332)
at org.testng.SuiteRunner.run(SuiteRunner.java:276)
at org.testng.SuiteRunnerWorker.runSuite(SuiteRunnerWorker.java:53)
at org.testng.SuiteRunnerWorker.run(SuiteRunnerWorker.java:96)
at org.testng.TestNG.runSuitesSequentially(TestNG.java:1212)
at org.testng.TestNG.runSuitesLocally(TestNG.java:1134)
at org.testng.TestNG.runSuites(TestNG.java:1063)
at org.testng.TestNG.run(TestNG.java:1031)
at org.testng.remote.AbstractRemoteTestNG.run(AbstractRemoteTestNG.java:115)
at org.testng.remote.RemoteTestNG.initAndRun(RemoteTestNG.java:251)
at org.testng.remote.RemoteTestNG.main(RemoteTestNG.java:77)
]]>
            </full-stacktrace>
          </exception> <!-- org.openqa.selenium.NoSuchElementException -->
          <reporter-output>
          </reporter-output>
        </test-method> <!-- removePaymentMethodDebitAndCreditCardTest -->
        <test-method status="PASS" signature="tearDown()[pri:0, instance:com.amazon.testcases.PaymentGatewayPageTestCase@c667f46]" name="tearDown" is-config="true" duration-ms="643" started-at="2022-08-09T13:44:40 IST" finished-at="2022-08-09T13:44:40 IST">
          <reporter-output>
          </reporter-output>
        </test-method> <!-- tearDown -->
      </class> <!-- com.amazon.testcases.PaymentGatewayPageTestCase -->
      <class name="com.amazon.testcases.AmazonPayPageTestCase">
        <test-method status="PASS" signature="setUp()[pri:0, instance:com.amazon.testcases.AmazonPayPageTestCase@13d9cbf5]" name="setUp" is-config="true" duration-ms="14531" started-at="2022-08-09T13:42:11 IST" finished-at="2022-08-09T13:42:25 IST">
          <reporter-output>
          </reporter-output>
        </test-method> <!-- setUp -->
        <test-method status="PASS" signature="verifyAmazonPayPageTitleTest()[pri:1, instance:com.amazon.testcases.AmazonPayPageTestCase@13d9cbf5]" name="verifyAmazonPayPageTitleTest" duration-ms="61" started-at="2022-08-09T13:42:25 IST" finished-at="2022-08-09T13:42:26 IST">
          <reporter-output>
          </reporter-output>
        </test-method> <!-- verifyAmazonPayPageTitleTest -->
        <test-method status="PASS" signature="tearDown()[pri:0, instance:com.amazon.testcases.AmazonPayPageTestCase@13d9cbf5]" name="tearDown" is-config="true" duration-ms="704" started-at="2022-08-09T13:42:26 IST" finished-at="2022-08-09T13:42:26 IST">
          <reporter-output>
          </reporter-output>
        </test-method> <!-- tearDown -->
        <test-method status="PASS" signature="setUp()[pri:0, instance:com.amazon.testcases.AmazonPayPageTestCase@13d9cbf5]" name="setUp" is-config="true" duration-ms="13052" started-at="2022-08-09T13:42:26 IST" finished-at="2022-08-09T13:42:39 IST">
          <reporter-output>
          </reporter-output>
        </test-method> <!-- setUp -->
        <test-method status="PASS" signature="verifyAmazonPayPageImageTest()[pri:2, instance:com.amazon.testcases.AmazonPayPageTestCase@13d9cbf5]" name="verifyAmazonPayPageImageTest" duration-ms="209" started-at="2022-08-09T13:42:39 IST" finished-at="2022-08-09T13:42:40 IST">
          <reporter-output>
          </reporter-output>
        </test-method> <!-- verifyAmazonPayPageImageTest -->
        <test-method status="PASS" signature="tearDown()[pri:0, instance:com.amazon.testcases.AmazonPayPageTestCase@13d9cbf5]" name="tearDown" is-config="true" duration-ms="610" started-at="2022-08-09T13:42:40 IST" finished-at="2022-08-09T13:42:40 IST">
          <reporter-output>
          </reporter-output>
        </test-method> <!-- tearDown -->
        <test-method status="PASS" signature="setUp()[pri:0, instance:com.amazon.testcases.AmazonPayPageTestCase@13d9cbf5]" name="setUp" is-config="true" duration-ms="17082" started-at="2022-08-09T13:42:40 IST" finished-at="2022-08-09T13:42:57 IST">
          <reporter-output>
          </reporter-output>
        </test-method> <!-- setUp -->
        <test-method status="PASS" signature="goToMobileRechargeIconTest()[pri:3, instance:com.amazon.testcases.AmazonPayPageTestCase@13d9cbf5]" name="goToMobileRechargeIconTest" duration-ms="1718" started-at="2022-08-09T13:42:57 IST" finished-at="2022-08-09T13:42:59 IST">
          <reporter-output>
          </reporter-output>
        </test-method> <!-- goToMobileRechargeIconTest -->
        <test-method status="PASS" signature="tearDown()[pri:0, instance:com.amazon.testcases.AmazonPayPageTestCase@13d9cbf5]" name="tearDown" is-config="true" duration-ms="794" started-at="2022-08-09T13:42:59 IST" finished-at="2022-08-09T13:43:00 IST">
          <reporter-output>
          </reporter-output>
        </test-method> <!-- tearDown -->
      </class> <!-- com.amazon.testcases.AmazonPayPageTestCase -->
      <class name="com.amazon.testcases.LoginPageTestCase">
        <test-method status="PASS" signature="setUp()[pri:0, instance:com.amazon.testcases.LoginPageTestCase@4b86805d]" name="setUp" is-config="true" duration-ms="22131" started-at="2022-08-09T13:41:07 IST" finished-at="2022-08-09T13:41:30 IST">
          <reporter-output>
          </reporter-output>
        </test-method> <!-- setUp -->
        <test-method status="PASS" signature="verifyLoginPageTitleTest()[pri:1, instance:com.amazon.testcases.LoginPageTestCase@4b86805d]" name="verifyLoginPageTitleTest" duration-ms="227" started-at="2022-08-09T13:41:30 IST" finished-at="2022-08-09T13:41:30 IST">
          <reporter-output>
          </reporter-output>
        </test-method> <!-- verifyLoginPageTitleTest -->
        <test-method status="PASS" signature="tearDown()[pri:0, instance:com.amazon.testcases.LoginPageTestCase@4b86805d]" name="tearDown" is-config="true" duration-ms="1095" started-at="2022-08-09T13:41:30 IST" finished-at="2022-08-09T13:41:31 IST">
          <reporter-output>
          </reporter-output>
        </test-method> <!-- tearDown -->
        <test-method status="PASS" signature="setUp()[pri:0, instance:com.amazon.testcases.LoginPageTestCase@4b86805d]" name="setUp" is-config="true" duration-ms="10831" started-at="2022-08-09T13:41:31 IST" finished-at="2022-08-09T13:41:42 IST">
          <reporter-output>
          </reporter-output>
        </test-method> <!-- setUp -->
        <test-method status="PASS" signature="verifyLoginPageAmazonLogoTest()[pri:2, instance:com.amazon.testcases.LoginPageTestCase@4b86805d]" name="verifyLoginPageAmazonLogoTest" duration-ms="248" started-at="2022-08-09T13:41:42 IST" finished-at="2022-08-09T13:41:42 IST">
          <reporter-output>
          </reporter-output>
        </test-method> <!-- verifyLoginPageAmazonLogoTest -->
        <test-method status="PASS" signature="tearDown()[pri:0, instance:com.amazon.testcases.LoginPageTestCase@4b86805d]" name="tearDown" is-config="true" duration-ms="652" started-at="2022-08-09T13:41:42 IST" finished-at="2022-08-09T13:41:43 IST">
          <reporter-output>
          </reporter-output>
        </test-method> <!-- tearDown -->
      </class> <!-- com.amazon.testcases.LoginPageTestCase -->
      <class name="com.amazon.testcases.ILovePdfComPageTestCase">
        <test-method status="PASS" signature="setUp()[pri:0, instance:com.amazon.testcases.ILovePdfComPageTestCase@51bd8b5c]" name="setUp" is-config="true" duration-ms="11529" started-at="2022-08-09T13:44:40 IST" finished-at="2022-08-09T13:44:52 IST">
          <reporter-output>
          </reporter-output>
        </test-method> <!-- setUp -->
        <test-method status="FAIL" signature="UploadJpgImageAndDownloadAndDelete()[pri:1, instance:com.amazon.testcases.ILovePdfComPageTestCase@51bd8b5c]" name="UploadJpgImageAndDownloadAndDelete" duration-ms="17754" started-at="2022-08-09T13:44:52 IST" finished-at="2022-08-09T13:45:10 IST">
          <exception class="org.openqa.selenium.ElementNotInteractableException">
            <message>
              <![CDATA[element not interactable
  (Session info: headless chrome=102.0.5005.63)
Build info: version: '4.3.0', revision: 'a4995e2c09*'
System info: host: 'DESKTOP-J505A6L', ip: '192.168.0.105', os.name: 'Windows 10', os.arch: 'amd64', os.version: '10.0', java.version: '1.8.0_333'
Driver info: org.openqa.selenium.chrome.ChromeDriver
Command: [4a3431fbdd71b0478f6a122596aac29a, clickElement {id=4e4f97cf-8e85-46d8-aabc-7bb06f5f3ca8}]
Capabilities {acceptInsecureCerts: false, browserName: chrome, browserVersion: 102.0.5005.63, chrome: {chromedriverVersion: 102.0.5005.61 (0e59bcc00cc4..., userDataDir: C:\Users\Kishan\AppData\Loc...}, goog:chromeOptions: {debuggerAddress: localhost:52556}, networkConnectionEnabled: false, pageLoadStrategy: normal, platformName: WINDOWS, proxy: Proxy(), se:cdp: ws://localhost:52556/devtoo..., se:cdpVersion: 102.0.5005.63, setWindowRect: true, strictFileInteractability: false, timeouts: {implicit: 0, pageLoad: 300000, script: 30000}, unhandledPromptBehavior: dismiss and notify, webauthn:extension:credBlob: true, webauthn:extension:largeBlob: true, webauthn:virtualAuthenticators: true}
Element: [[ChromeDriver: chrome on WINDOWS (4a3431fbdd71b0478f6a122596aac29a)] -> xpath: //a[@id='pickfiles']//*[name()='svg']]
Session ID: 4a3431fbdd71b0478f6a122596aac29a]]>
            </message>
            <full-stacktrace>
              <![CDATA[org.openqa.selenium.ElementNotInteractableException: element not interactable
  (Session info: headless chrome=102.0.5005.63)
Build info: version: '4.3.0', revision: 'a4995e2c09*'
System info: host: 'DESKTOP-J505A6L', ip: '192.168.0.105', os.name: 'Windows 10', os.arch: 'amd64', os.version: '10.0', java.version: '1.8.0_333'
Driver info: org.openqa.selenium.chrome.ChromeDriver
Command: [4a3431fbdd71b0478f6a122596aac29a, clickElement {id=4e4f97cf-8e85-46d8-aabc-7bb06f5f3ca8}]
Capabilities {acceptInsecureCerts: false, browserName: chrome, browserVersion: 102.0.5005.63, chrome: {chromedriverVersion: 102.0.5005.61 (0e59bcc00cc4..., userDataDir: C:\Users\Kishan\AppData\Loc...}, goog:chromeOptions: {debuggerAddress: localhost:52556}, networkConnectionEnabled: false, pageLoadStrategy: normal, platformName: WINDOWS, proxy: Proxy(), se:cdp: ws://localhost:52556/devtoo..., se:cdpVersion: 102.0.5005.63, setWindowRect: true, strictFileInteractability: false, timeouts: {implicit: 0, pageLoad: 300000, script: 30000}, unhandledPromptBehavior: dismiss and notify, webauthn:extension:credBlob: true, webauthn:extension:largeBlob: true, webauthn:virtualAuthenticators: true}
Element: [[ChromeDriver: chrome on WINDOWS (4a3431fbdd71b0478f6a122596aac29a)] -> xpath: //a[@id='pickfiles']//*[name()='svg']]
Session ID: 4a3431fbdd71b0478f6a122596aac29a
at sun.reflect.NativeConstructorAccessorImpl.newInstance0(Native Method)
at sun.reflect.NativeConstructorAccessorImpl.newInstance(Unknown Source)
at sun.reflect.DelegatingConstructorAccessorImpl.newInstance(Unknown Source)
at java.lang.reflect.Constructor.newInstance(Unknown Source)
at org.openqa.selenium.remote.codec.w3c.W3CHttpResponseCodec.createException(W3CHttpResponseCodec.java:200)
at org.openqa.selenium.remote.codec.w3c.W3CHttpResponseCodec.decode(W3CHttpResponseCodec.java:133)
at org.openqa.selenium.remote.codec.w3c.W3CHttpResponseCodec.decode(W3CHttpResponseCodec.java:53)
at org.openqa.selenium.remote.HttpCommandExecutor.execute(HttpCommandExecutor.java:184)
at org.openqa.selenium.remote.service.DriverCommandExecutor.invokeExecute(DriverCommandExecutor.java:167)
at org.openqa.selenium.remote.service.DriverCommandExecutor.execute(DriverCommandExecutor.java:142)
at org.openqa.selenium.remote.RemoteWebDriver.execute(RemoteWebDriver.java:569)
at org.openqa.selenium.remote.RemoteWebElement.execute(RemoteWebElement.java:257)
at org.openqa.selenium.remote.RemoteWebElement.click(RemoteWebElement.java:78)
at sun.reflect.GeneratedMethodAccessor2.invoke(Unknown Source)
at sun.reflect.DelegatingMethodAccessorImpl.invoke(Unknown Source)
at java.lang.reflect.Method.invoke(Unknown Source)
at org.openqa.selenium.support.pagefactory.internal.LocatingElementHandler.invoke(LocatingElementHandler.java:52)
at com.sun.proxy.$Proxy32.click(Unknown Source)
at com.amazon.pages.ILovePdfComPage.addMoreFilesBtn(ILovePdfComPage.java:53)
at com.amazon.testcases.ILovePdfComPageTestCase.UploadJpgImageAndDownloadAndDelete(ILovePdfComPageTestCase.java:34)
at sun.reflect.NativeMethodAccessorImpl.invoke0(Native Method)
at sun.reflect.NativeMethodAccessorImpl.invoke(Unknown Source)
at sun.reflect.DelegatingMethodAccessorImpl.invoke(Unknown Source)
at java.lang.reflect.Method.invoke(Unknown Source)
at org.testng.internal.MethodInvocationHelper.invokeMethod(MethodInvocationHelper.java:133)
at org.testng.internal.TestInvoker.invokeMethod(TestInvoker.java:598)
at org.testng.internal.TestInvoker.invokeTestMethod(TestInvoker.java:173)
at org.testng.internal.MethodRunner.runInSequence(MethodRunner.java:46)
at org.testng.internal.TestInvoker$MethodInvocationAgent.invoke(TestInvoker.java:824)
at org.testng.internal.TestInvoker.invokeTestMethods(TestInvoker.java:146)
at org.testng.internal.TestMethodWorker.invokeTestMethods(TestMethodWorker.java:146)
at org.testng.internal.TestMethodWorker.run(TestMethodWorker.java:128)
at java.util.ArrayList.forEach(Unknown Source)
at org.testng.TestRunner.privateRun(TestRunner.java:794)
at org.testng.TestRunner.run(TestRunner.java:596)
at org.testng.SuiteRunner.runTest(SuiteRunner.java:377)
at org.testng.SuiteRunner.runSequentially(SuiteRunner.java:371)
at org.testng.SuiteRunner.privateRun(SuiteRunner.java:332)
at org.testng.SuiteRunner.run(SuiteRunner.java:276)
at org.testng.SuiteRunnerWorker.runSuite(SuiteRunnerWorker.java:53)
at org.testng.SuiteRunnerWorker.run(SuiteRunnerWorker.java:96)
at org.testng.TestNG.runSuitesSequentially(TestNG.java:1212)
at org.testng.TestNG.runSuitesLocally(TestNG.java:1134)
at org.testng.TestNG.runSuites(TestNG.java:1063)
at org.testng.TestNG.run(TestNG.java:1031)
at org.testng.remote.AbstractRemoteTestNG.run(AbstractRemoteTestNG.java:115)
at org.testng.remote.RemoteTestNG.initAndRun(RemoteTestNG.java:251)
at org.testng.remote.RemoteTestNG.main(RemoteTestNG.java:77)
]]>
            </full-stacktrace>
          </exception> <!-- org.openqa.selenium.ElementNotInteractableException -->
          <reporter-output>
          </reporter-output>
        </test-method> <!-- UploadJpgImageAndDownloadAndDelete -->
        <test-method status="PASS" signature="tearDown()[pri:0, instance:com.amazon.testcases.ILovePdfComPageTestCase@51bd8b5c]" name="tearDown" is-config="true" duration-ms="639" started-at="2022-08-09T13:45:10 IST" finished-at="2022-08-09T13:45:10 IST">
          <reporter-output>
          </reporter-output>
        </test-method> <!-- tearDown -->
      </class> <!-- com.amazon.testcases.ILovePdfComPageTestCase -->
      <class name="com.amazon.testcases.HomePageTestCase">
        <test-method status="PASS" signature="setUp()[pri:0, instance:com.amazon.testcases.HomePageTestCase@389b0789]" name="setUp" is-config="true" duration-ms="10626" started-at="2022-08-09T13:41:43 IST" finished-at="2022-08-09T13:41:53 IST">
          <reporter-output>
          </reporter-output>
        </test-method> <!-- setUp -->
        <test-method status="PASS" signature="verifyHomePageTitleTest()[pri:1, instance:com.amazon.testcases.HomePageTestCase@389b0789]" name="verifyHomePageTitleTest" duration-ms="3496" started-at="2022-08-09T13:41:53 IST" finished-at="2022-08-09T13:41:57 IST">
          <reporter-output>
          </reporter-output>
        </test-method> <!-- verifyHomePageTitleTest -->
        <test-method status="PASS" signature="tearDown()[pri:0, instance:com.amazon.testcases.HomePageTestCase@389b0789]" name="tearDown" is-config="true" duration-ms="610" started-at="2022-08-09T13:41:57 IST" finished-at="2022-08-09T13:41:57 IST">
          <reporter-output>
          </reporter-output>
        </test-method> <!-- tearDown -->
        <test-method status="PASS" signature="setUp()[pri:0, instance:com.amazon.testcases.HomePageTestCase@389b0789]" name="setUp" is-config="true" duration-ms="9548" started-at="2022-08-09T13:41:57 IST" finished-at="2022-08-09T13:42:07 IST">
          <reporter-output>
          </reporter-output>
        </test-method> <!-- setUp -->
        <test-method status="PASS" signature="verifyLoggedInUserNameTest()[pri:2, instance:com.amazon.testcases.HomePageTestCase@389b0789]" name="verifyLoggedInUserNameTest" duration-ms="3412" started-at="2022-08-09T13:42:07 IST" finished-at="2022-08-09T13:42:10 IST">
          <reporter-output>
          </reporter-output>
        </test-method> <!-- verifyLoggedInUserNameTest -->
        <test-method status="PASS" signature="tearDown()[pri:0, instance:com.amazon.testcases.HomePageTestCase@389b0789]" name="tearDown" is-config="true" duration-ms="605" started-at="2022-08-09T13:42:10 IST" finished-at="2022-08-09T13:42:11 IST">
          <reporter-output>
          </reporter-output>
        </test-method> <!-- tearDown -->
      </class> <!-- com.amazon.testcases.HomePageTestCase -->
      <class name="com.amazon.testcases.MobileRechargePageTestCase">
        <test-method status="PASS" signature="setUp()[pri:0, instance:com.amazon.testcases.MobileRechargePageTestCase@6ca18a14]" name="setUp" is-config="true" duration-ms="18425" started-at="2022-08-09T13:43:00 IST" finished-at="2022-08-09T13:43:18 IST">
          <reporter-output>
          </reporter-output>
        </test-method> <!-- setUp -->
        <test-method status="PASS" signature="insertMobileRechargeDetailsTest()[pri:1, instance:com.amazon.testcases.MobileRechargePageTestCase@6ca18a14]" name="insertMobileRechargeDetailsTest" duration-ms="3474" started-at="2022-08-09T13:43:18 IST" finished-at="2022-08-09T13:43:22 IST">
          <reporter-output>
          </reporter-output>
        </test-method> <!-- insertMobileRechargeDetailsTest -->
        <test-method status="PASS" signature="tearDown()[pri:0, instance:com.amazon.testcases.MobileRechargePageTestCase@6ca18a14]" name="tearDown" is-config="true" duration-ms="633" started-at="2022-08-09T13:43:22 IST" finished-at="2022-08-09T13:43:22 IST">
          <reporter-output>
          </reporter-output>
        </test-method> <!-- tearDown -->
      </class> <!-- com.amazon.testcases.MobileRechargePageTestCase -->
    </test> <!-- Test -->
  </suite> <!-- Suite -->
</testng-results>
